/*C6*/SET SCHEMA PUBLIC
DISCONNECT
/*C7*/SET SCHEMA PUBLIC
DELETE FROM SEQUENCE WHERE SEQ_NAME='SEQ_GEN'
INSERT INTO SEQUENCE VALUES('SEQ_GEN',351)
COMMIT
INSERT INTO ARTISTAPERSISTENCIA VALUES(302,'Violeta','naci blabla','987mnbgh','Su carrera comienza en 1976 cuando forma la banda\u000aLos Playeros junto a su hermano V\u00edctor. Al poco\u000atiempo se mudan a San Luis donde comienzan a\u000ahacerse conocidos en la escena musical. Su \u00e9xito a nivel\u000anacional llega a comienzos de los a\u00f1os 1990 cuando\u000adesembarca en Buenos Aires y graba el \u00e9xito "Violeta",\u000aoriginalmente compuesta e interpretada en 1985 por el\u000am\u00fasico brasile\u00f1o Luiz Caldas bajo el t\u00edtulo \u00abFricote\u00bb.','alceides@tuta.io','1952-07-17 00:00:00.000000','alcides','Alcides','')
COMMIT
INSERT INTO ESPECTADORPERSISTENCIA VALUES(303,'Pacheco','mny101','eltony@manya.com.uy','https://bit.ly/3cS2bkh','1955-02-14 00:00:00.000000','tonyp','Antonio')
COMMIT
INSERT INTO ESPECTADORPERSISTENCIA VALUES(304,'Puglia','vbmn4r','puglia@alpanpan.com.uy','https://bit.ly/2EViUGV','1950-01-28 00:00:00.000000','sergiop','Sergio')
COMMIT
INSERT INTO ESPECTADORPERSISTENCIA VALUES(305,'Ten','lkj34df','eleven11@gmail.com','','1971-12-31 00:00:00.000000','eleven11','Eleven')
COMMIT
INSERT INTO ESPECTADORPERSISTENCIA VALUES(306,'Recoba','ncnl123','chino@trico.com.uy','https://bit.ly/3cTJWuX','1976-03-17 00:00:00.000000','chino','Alvaro')
COMMIT
INSERT INTO ESPECTADORPERSISTENCIA VALUES(307,'Costas','poke579','gcostas@gmail.com','','1983-11-15 00:00:00.000000','costas','Gerardo')
COMMIT
INSERT INTO ESPECTACULOPERSISTENCIA VALUES(308,450,'Espect\u00e1culo conmemorando los 30 a\u00f1os de Violeta.',80,'2020-11-26 00:00:00.000000','30 a\u00f1os','Twitter Live','2020-07-31 00:00:00.000000','https://twitter.com/alcides_shows',302)
INSERT INTO FUNCIONPERSISTENCIA VALUES(309,'2020-07-31 00:00:00.000000','2020-09-01 21:00:00.000000','30 a\u00f1os - 1')
INSERT INTO FUNCIONPERSISTENCIA VALUES(313,'2020-07-31 00:00:00.000000','2020-11-15 21:00:00.000000','30 a\u00f1os - 3')
INSERT INTO FUNCIONPERSISTENCIA VALUES(314,'2020-07-31 00:00:00.000000','2020-10-01 19:00:00.000000','30 a\u00f1os - 2')
INSERT INTO REGISTROPERSISTENCIA VALUES(310,450,'2020-08-31 00:00:00.000000',303)
INSERT INTO REGISTROPERSISTENCIA VALUES(316,450,'2020-08-20 00:00:00.000000',303)
INSERT INTO REGISTROPERSISTENCIA VALUES(312,450,'2020-08-20 00:00:00.000000',305)
INSERT INTO REGISTROPERSISTENCIA VALUES(311,450,'2020-08-16 00:00:00.000000',304)
INSERT INTO REGISTROPERSISTENCIA VALUES(315,450,'2020-08-16 00:00:00.000000',306)
INSERT INTO REGISTROPERSISTENCIA VALUES(317,383,'2020-09-02 00:00:00.000000',307)
INSERT INTO ESPECTACULOPERSISTENCIA_FUNCIONPERSISTENCIA VALUES(308,309)
INSERT INTO ESPECTACULOPERSISTENCIA_FUNCIONPERSISTENCIA VALUES(308,313)
INSERT INTO ESPECTACULOPERSISTENCIA_FUNCIONPERSISTENCIA VALUES(308,314)
INSERT INTO FUNCIONPERSISTENCIA_REGISTROPERSISTENCIA VALUES(309,310)
INSERT INTO FUNCIONPERSISTENCIA_REGISTROPERSISTENCIA VALUES(309,311)
INSERT INTO FUNCIONPERSISTENCIA_REGISTROPERSISTENCIA VALUES(309,312)
INSERT INTO FUNCIONPERSISTENCIA_REGISTROPERSISTENCIA VALUES(314,315)
INSERT INTO FUNCIONPERSISTENCIA_REGISTROPERSISTENCIA VALUES(314,316)
INSERT INTO FUNCIONPERSISTENCIA_REGISTROPERSISTENCIA VALUES(314,317)
COMMIT
DISCONNECT
/*C8*/SET SCHEMA PUBLIC
DISCONNECT
/*C9*/SET SCHEMA PUBLIC
DELETE FROM SEQUENCE WHERE SEQ_NAME='SEQ_GEN'
INSERT INTO SEQUENCE VALUES('SEQ_GEN',401)
COMMIT
INSERT INTO ARTISTAPERSISTENCIA VALUES(352,'Lauper','Cynthia Ann Stephanie Lauper\u000a(Brooklyn, Nueva York; 22 de junio\u000ade 1953). ','poiuy086','Cynthia Ann Stephanie Lauper, conocida simplemente\u000acomo Cyndi Lauper, es una cantautora, actriz y\u000aempresaria estadounidense. Despu\u00e9s de participar en\u000ael grupo musical, Blue Angel, en 1983 firm\u00f3 con\u000aPortrait Records (filial de Epic Records) y lanz\u00f3 su\u000aexitoso \u00e1lbum debut She''s So Unusual a finales de ese\u000amismo a\u00f1o. Sigui\u00f3 lanzando una serie de \u00e1lbumes en\u000alos que encontr\u00f3 una inmensa popularidad, superando\u000alos l\u00edmites de contenido de las letras de sus canciones.','clauper@hotmail.com','1953-06-22 00:00:00.000000','clauper','Cyndi','cyndilauper.com')
COMMIT
INSERT INTO ESPECTADORPERSISTENCIA VALUES(353,'Watson','mkji648','e.watson@gmail.com','https://bit.ly/3jrashA','1990-04-15 00:00:00.000000','waston','Emma')
COMMIT
INSERT INTO ESPECTADORPERSISTENCIA VALUES(354,'House','fcku0123','greghouse@gmail.com','https://bit.ly/3ng8YZE','1959-05-15 00:00:00.000000','house','Gregory')
COMMIT
INSERT INTO ESPECTADORPERSISTENCIA VALUES(355,'Legrand','1o1vbm','lachiqui@hotmail.com.ar','','1927-02-23 00:00:00.000000','lachiqui','Mirtha')
COMMIT
INSERT INTO ESPECTACULOPERSISTENCIA VALUES(356,800,'Espect\u00e1culo promoviendo \u00e1lbum Memphis Blues.',110,'2020-11-25 00:00:00.000000','Memphis Blues World','Twitter Live','2020-05-30 00:00:00.000000','https://twitter.com/cyndilauper',352)
INSERT INTO FUNCIONPERSISTENCIA VALUES(357,'2020-05-30 00:00:00.000000','2020-09-30 20:00:00.000000','Memphis Blues World - C')
INSERT INTO FUNCIONPERSISTENCIA VALUES(364,'2020-05-30 00:00:00.000000','2020-08-15 17:45:00.000000','Memphis Blues World - A')
INSERT INTO FUNCIONPERSISTENCIA VALUES(360,'2020-05-30 00:00:00.000000','2020-08-31 19:30:00.000000','Memphis Blues World - B')
INSERT INTO REGISTROPERSISTENCIA VALUES(363,800,'2020-08-23 00:00:00.000000',306)
INSERT INTO REGISTROPERSISTENCIA VALUES(358,0,'2020-08-15 00:00:00.000000',307)
INSERT INTO REGISTROPERSISTENCIA VALUES(361,800,'2020-08-20 00:00:00.000000',354)
INSERT INTO REGISTROPERSISTENCIA VALUES(365,0,'2020-07-19 00:00:00.000000',355)
INSERT INTO REGISTROPERSISTENCIA VALUES(359,560,'2020-08-26 00:00:00.000000',353)
INSERT INTO REGISTROPERSISTENCIA VALUES(362,560,'2020-08-17 00:00:00.000000',305)
INSERT INTO ESPECTACULOPERSISTENCIA_FUNCIONPERSISTENCIA VALUES(356,357)
INSERT INTO ESPECTACULOPERSISTENCIA_FUNCIONPERSISTENCIA VALUES(356,360)
INSERT INTO ESPECTACULOPERSISTENCIA_FUNCIONPERSISTENCIA VALUES(356,364)
INSERT INTO FUNCIONPERSISTENCIA_REGISTROPERSISTENCIA VALUES(357,358)
INSERT INTO FUNCIONPERSISTENCIA_REGISTROPERSISTENCIA VALUES(357,359)
INSERT INTO FUNCIONPERSISTENCIA_REGISTROPERSISTENCIA VALUES(364,365)
INSERT INTO FUNCIONPERSISTENCIA_REGISTROPERSISTENCIA VALUES(360,361)
INSERT INTO FUNCIONPERSISTENCIA_REGISTROPERSISTENCIA VALUES(360,362)
INSERT INTO FUNCIONPERSISTENCIA_REGISTROPERSISTENCIA VALUES(360,363)
COMMIT
DISCONNECT
